{
  "stats": {
    "suites": 1,
    "tests": 10,
    "passes": 9,
    "pending": 0,
    "failures": 1,
    "start": "2025-05-06T19:52:43.111Z",
    "end": "2025-05-06T19:53:15.540Z",
    "duration": 32429,
    "testsRegistered": 10,
    "passPercent": 90,
    "pendingPercent": 0,
    "other": 0,
    "hasOther": false,
    "skipped": 0,
    "hasSkipped": false
  },
  "results": [
    {
      "uuid": "7476524a-621e-4b12-8e4c-39b1462f0607",
      "title": "",
      "fullFile": "cypress\\e2e\\specs\\UITest\\login.cy.js",
      "file": "cypress\\e2e\\specs\\UITest\\login.cy.js",
      "beforeHooks": [],
      "afterHooks": [],
      "tests": [],
      "suites": [
        {
          "uuid": "ae40b1b9-ca55-4b0f-8db1-08e75fa3fbcf",
          "title": "NinjaOne Login Page",
          "fullFile": "",
          "file": "",
          "beforeHooks": [],
          "afterHooks": [],
          "tests": [
            {
              "title": "displays login form",
              "fullTitle": "NinjaOne Login Page displays login form",
              "timedOut": null,
              "duration": 2382,
              "state": "passed",
              "speed": "fast",
              "pass": true,
              "fail": false,
              "pending": false,
              "context": null,
              "code": "cy.assertLoginFieldsVisible();",
              "err": {},
              "uuid": "08dd1381-88a8-41bc-9ece-4e0adcab999c",
              "parentUUID": "ae40b1b9-ca55-4b0f-8db1-08e75fa3fbcf",
              "isHook": false,
              "skipped": false
            },
            {
              "title": "verifies Email field is visible and editable",
              "fullTitle": "NinjaOne Login Page verifies Email field is visible and editable",
              "timedOut": null,
              "duration": 1003,
              "state": "passed",
              "speed": "fast",
              "pass": true,
              "fail": false,
              "pending": false,
              "context": null,
              "code": "_LoginPage.loginPage.getEmailField().should('be.visible').type(Cypress.env('email'));",
              "err": {},
              "uuid": "2cb063a2-d25f-418f-b850-5b6ed2ce08d9",
              "parentUUID": "ae40b1b9-ca55-4b0f-8db1-08e75fa3fbcf",
              "isHook": false,
              "skipped": false
            },
            {
              "title": "verifies Password field is visible and masks input",
              "fullTitle": "NinjaOne Login Page verifies Password field is visible and masks input",
              "timedOut": null,
              "duration": 685,
              "state": "passed",
              "speed": "fast",
              "pass": true,
              "fail": false,
              "pending": false,
              "context": null,
              "code": "_LoginPage.loginPage.getPasswordField().should('be.visible').type(Cypress.env('password'));\n_LoginPage.loginPage.getPasswordField().should('have.attr', 'type', 'password');",
              "err": {},
              "uuid": "83d76cc6-1c4d-42ca-933e-456dedd42e07",
              "parentUUID": "ae40b1b9-ca55-4b0f-8db1-08e75fa3fbcf",
              "isHook": false,
              "skipped": false
            },
            {
              "title": "verifies Keep me signed in checkbox is visible and clickable",
              "fullTitle": "NinjaOne Login Page verifies Keep me signed in checkbox is visible and clickable",
              "timedOut": null,
              "duration": 472,
              "state": "passed",
              "speed": "fast",
              "pass": true,
              "fail": false,
              "pending": false,
              "context": null,
              "code": "_LoginPage.loginPage.getStaySignedInCheckbox().should('be.visible').should('not.be.checked');\n_LoginPage.loginPage.getStaySignedInCheckbox().check({\n  force: true\n});",
              "err": {},
              "uuid": "de1531e6-5f94-4d7b-953b-083943b85f8f",
              "parentUUID": "ae40b1b9-ca55-4b0f-8db1-08e75fa3fbcf",
              "isHook": false,
              "skipped": false
            },
            {
              "title": "verifies Sign in button is visible and clickable",
              "fullTitle": "NinjaOne Login Page verifies Sign in button is visible and clickable",
              "timedOut": null,
              "duration": 406,
              "state": "passed",
              "speed": "fast",
              "pass": true,
              "fail": false,
              "pending": false,
              "context": null,
              "code": "_LoginPage.loginPage.getSignInButton().should('be.visible').should('not.be.disabled').click();",
              "err": {},
              "uuid": "5f4fa936-15d0-4e4a-a1c3-80532f9d0992",
              "parentUUID": "ae40b1b9-ca55-4b0f-8db1-08e75fa3fbcf",
              "isHook": false,
              "skipped": false
            },
            {
              "title": "should navigate to the Forgot Password page",
              "fullTitle": "NinjaOne Login Page should navigate to the Forgot Password page",
              "timedOut": null,
              "duration": 382,
              "state": "passed",
              "speed": "fast",
              "pass": true,
              "fail": false,
              "pending": false,
              "context": null,
              "code": "_LoginPage.loginPage.getForgotPasswordLink().click();\ncy.url().should('include', '/auth/#/resetPassword');",
              "err": {},
              "uuid": "f0e7ccdd-a7df-4928-8405-e5083ca393b1",
              "parentUUID": "ae40b1b9-ca55-4b0f-8db1-08e75fa3fbcf",
              "isHook": false,
              "skipped": false
            },
            {
              "title": "should navigate to the Sign Up page",
              "fullTitle": "NinjaOne Login Page should navigate to the Sign Up page",
              "timedOut": null,
              "duration": 392,
              "state": "passed",
              "speed": "fast",
              "pass": true,
              "fail": false,
              "pending": false,
              "context": null,
              "code": "_LoginPage.loginPage.getSignUpLink().click();\ncy.url().should('include', '/auth/#/register');",
              "err": {},
              "uuid": "16361f48-decf-43f1-a266-56d5c767aa01",
              "parentUUID": "ae40b1b9-ca55-4b0f-8db1-08e75fa3fbcf",
              "isHook": false,
              "skipped": false
            },
            {
              "title": "logs in with Invalid credentials",
              "fullTitle": "NinjaOne Login Page logs in with Invalid credentials",
              "timedOut": null,
              "duration": 10439,
              "state": "passed",
              "speed": "slow",
              "pass": true,
              "fail": false,
              "pending": false,
              "context": null,
              "code": "cy.loginWithInvalidCredentials();",
              "err": {},
              "uuid": "db5c3107-a292-4642-a19f-b11c4d1a28f6",
              "parentUUID": "ae40b1b9-ca55-4b0f-8db1-08e75fa3fbcf",
              "isHook": false,
              "skipped": false
            },
            {
              "title": "fails to login with empty credentials",
              "fullTitle": "NinjaOne Login Page fails to login with empty credentials",
              "timedOut": null,
              "duration": 991,
              "state": "passed",
              "speed": "fast",
              "pass": true,
              "fail": false,
              "pending": false,
              "context": null,
              "code": "cy.attemptEmptyLogin();",
              "err": {},
              "uuid": "71da1121-e865-43f8-a0f3-74f63e6a56b0",
              "parentUUID": "ae40b1b9-ca55-4b0f-8db1-08e75fa3fbcf",
              "isHook": false,
              "skipped": false
            },
            {
              "title": "logs in with valid credentials",
              "fullTitle": "NinjaOne Login Page logs in with valid credentials",
              "timedOut": null,
              "duration": 15172,
              "state": "failed",
              "speed": null,
              "pass": false,
              "fail": true,
              "pending": false,
              "context": null,
              "code": "cy.loginWithValidCredentials();",
              "err": {
                "message": "AssertionError: Timed out retrying after 4000ms: expected 'https://app.ninjarmm.com/auth/?state=eyJtZmFUeXBlIjoiVTJGX1RPS0VOIiwiYXZhaWxhYmxlX21mYSI6eyJVMkZfVE9LRU4iOiJ5ZXMifSwiY3JlZHNSZXF1ZXN0Ijoie1wicHVibGljS2V5XCI6e1wiY2hhbGxlbmdlXCI6XCJuSXRYa19Qc3R0TkVIMDBVTjFYVVFIWXZaUm1OM0Jac3NKcVEtVXJ5SXR3XCIsXCJ0aW1lb3V0XCI6NDUwMDAsXCJycElkXCI6XCJhcHAubmluamFybW0uY29tXCIsXCJhbGxvd0NyZWRlbnRpYWxzXCI6W3tcInR5cGVcIjpcInB1YmxpYy1rZXlcIixcImlkXCI6XCJ4MXFtUmhYaXNHUnYwWUdoMDRoQ2lQeGFDRzhJem9GYm5wWnVqeTVsS0NFXCIsXCJ0cmFuc3BvcnRzXCI6W1wiaW50ZXJuYWxcIixcInVzYlwiXX1dLFwidXNlclZlcmlmaWNhdGlvblwiOlwicHJlZmVycmVkXCIsXCJleHRlbnNpb25zXCI6e1wiYXBwaWRcIjpcImh0dHBzOi8vYXBwLm5pbmphcm1tLmNvbVwifX19IiwibG9naW5Ub2tlbiI6ImNhMTI0YWQwLTliM2ItNGU5ZS04MGYzLTAyZDhmOGVmMDViMSJ9#/mfa' to include '/dashboard'",
                "estack": "AssertionError: Timed out retrying after 4000ms: expected 'https://app.ninjarmm.com/auth/?state=eyJtZmFUeXBlIjoiVTJGX1RPS0VOIiwiYXZhaWxhYmxlX21mYSI6eyJVMkZfVE9LRU4iOiJ5ZXMifSwiY3JlZHNSZXF1ZXN0Ijoie1wicHVibGljS2V5XCI6e1wiY2hhbGxlbmdlXCI6XCJuSXRYa19Qc3R0TkVIMDBVTjFYVVFIWXZaUm1OM0Jac3NKcVEtVXJ5SXR3XCIsXCJ0aW1lb3V0XCI6NDUwMDAsXCJycElkXCI6XCJhcHAubmluamFybW0uY29tXCIsXCJhbGxvd0NyZWRlbnRpYWxzXCI6W3tcInR5cGVcIjpcInB1YmxpYy1rZXlcIixcImlkXCI6XCJ4MXFtUmhYaXNHUnYwWUdoMDRoQ2lQeGFDRzhJem9GYm5wWnVqeTVsS0NFXCIsXCJ0cmFuc3BvcnRzXCI6W1wiaW50ZXJuYWxcIixcInVzYlwiXX1dLFwidXNlclZlcmlmaWNhdGlvblwiOlwicHJlZmVycmVkXCIsXCJleHRlbnNpb25zXCI6e1wiYXBwaWRcIjpcImh0dHBzOi8vYXBwLm5pbmphcm1tLmNvbVwifX19IiwibG9naW5Ub2tlbiI6ImNhMTI0YWQwLTliM2ItNGU5ZS04MGYzLTAyZDhmOGVmMDViMSJ9#/mfa' to include '/dashboard'\n    at Context.eval (webpack://ninjaone-login-test/./cypress/support/commands.js:20:13)",
                "diff": null
              },
              "uuid": "231e5bf4-1bb4-44da-bbc4-c38f17b5b60c",
              "parentUUID": "ae40b1b9-ca55-4b0f-8db1-08e75fa3fbcf",
              "isHook": false,
              "skipped": false
            }
          ],
          "suites": [],
          "passes": [
            "08dd1381-88a8-41bc-9ece-4e0adcab999c",
            "2cb063a2-d25f-418f-b850-5b6ed2ce08d9",
            "83d76cc6-1c4d-42ca-933e-456dedd42e07",
            "de1531e6-5f94-4d7b-953b-083943b85f8f",
            "5f4fa936-15d0-4e4a-a1c3-80532f9d0992",
            "f0e7ccdd-a7df-4928-8405-e5083ca393b1",
            "16361f48-decf-43f1-a266-56d5c767aa01",
            "db5c3107-a292-4642-a19f-b11c4d1a28f6",
            "71da1121-e865-43f8-a0f3-74f63e6a56b0"
          ],
          "failures": [
            "231e5bf4-1bb4-44da-bbc4-c38f17b5b60c"
          ],
          "pending": [],
          "skipped": [],
          "duration": 32324,
          "root": false,
          "rootEmpty": false,
          "_timeout": 2000
        }
      ],
      "passes": [],
      "failures": [],
      "pending": [],
      "skipped": [],
      "duration": 0,
      "root": true,
      "rootEmpty": true,
      "_timeout": 2000
    }
  ],
  "meta": {
    "mocha": {
      "version": "7.0.1"
    },
    "mochawesome": {
      "options": {
        "quiet": false,
        "reportFilename": "mochawesome",
        "saveHtml": true,
        "saveJson": true,
        "consoleReporter": "spec",
        "useInlineDiffs": false,
        "code": true
      },
      "version": "7.1.3"
    },
    "marge": {
      "options": null,
      "version": "6.2.0"
    }
  }
}